<?xml version="1.0" encoding="UTF-8"?>
<testsuite xmlns:xsi="http://www.w3.org/2001/XMLSchema-instance" xsi:noNamespaceSchemaLocation="https://maven.apache.org/surefire/maven-surefire-plugin/xsd/surefire-test-report.xsd" name="testCase.ResourceTests" time="7.135" tests="5" errors="0" skipped="0" failures="0">
  <properties>
[...]
</properties>
  <testcase name="testAddUser" classname="testCase.ResourceTests" time="4.53"/>
  <testcase name="testGetAllUsers" classname="testCase.ResourceTests" time="0.633"/>
  <testcase name="testUpdateUser" classname="testCase.ResourceTests" time="0.677"/>
  <testcase name="testDeleteUser" classname="testCase.ResourceTests" time="0.437"/>
  <testcase name="testGetUserById" classname="testCase.ResourceTests" time="0.436"/>
</testsuite>